>  61 259 256 253 252 249 248 241 238 237 236 234 231 230 229 228 227 224 223 222 220 219 74 71 70 68 67 66 58 55 54 53 51 50 49 41 38 37 35 34 33 25 24 21 20 19 17 16 15 3 2 1
>  5498 259 256 253 252 249 248 241 238 237 236 234 231 230 229 228 227 224 223 222 220 219 74 71 70 68 67 66 58 55 54 53 51 50 49 41 38 37 35 34 33 25 24 21 20 19 17 16 15 3 2 1
>  461 253 249 248 244 243 242 215 214 213 212 206 205 204 203 200 71 70 69 65 64 55 54 53 52 48 47 38 37 36 32 31 25 21 20 19 18 14 13 3 2 1
>  2150 253 249 248 244 243 242 215 214 213 212 206 205 204 203 200 71 70 69 65 64 55 54 53 52 48 47 38 37 36 32 31 25 21 20 19 18 14 13 3 2 1
>  3875 253 249 248 244 243 242 215 214 213 212 206 205 204 203 200 71 70 69 65 64 55 54 53 52 48 47 38 37 36 32 31 25 21 20 19 18 14 13 3 2 1
>  4013 253 249 248 244 243 242 215 214 213 212 206 205 204 203 200 71 70 69 65 64 55 54 53 52 48 47 38 37 36 32 31 25 21 20 19 18 14 13 3 2 1
>  4261 253 249 248 244 243 242 215 214 213 212 206 205 204 203 200 71 70 69 65 64 55 54 53 52 48 47 38 37 36 32 31 25 21 20 19 18 14 13 3 2 1
>  4270 253 249 248 244 243 242 215 214 213 212 206 205 204 203 200 71 70 69 65 64 55 54 53 52 48 47 38 37 36 32 31 25 21 20 19 18 14 13 3 2 1
>  5503 253 249 248 244 243 242 215 214 213 212 206 205 204 203 200 71 70 69 65 64 55 54 53 52 48 47 38 37 36 32 31 25 21 20 19 18 14 13 3 2 1
>  685 253 249 248 238 237 236 231 230 229 228 224 223 222 220 219 71 70 68 67 66 55 54 53 51 50 49 38 37 35 34 33 25 21 20 19 17 16 15 3 2 1
>  1003 253 249 248 238 237 236 231 230 229 228 224 223 222 220 219 71 70 68 67 66 55 54 53 51 50 49 38 37 35 34 33 25 21 20 19 17 16 15 3 2 1
>  1405 253 249 248 238 237 236 231 230 229 228 224 223 222 220 219 71 70 68 67 66 55 54 53 51 50 49 38 37 35 34 33 25 21 20 19 17 16 15 3 2 1
>  3657 253 249 248 238 237 236 231 230 229 228 224 223 222 220 219 71 70 68 67 66 55 54 53 51 50 49 38 37 35 34 33 25 21 20 19 17 16 15 3 2 1
>  4331 253 249 248 238 237 236 231 230 229 228 224 223 222 220 219 71 70 68 67 66 55 54 53 51 50 49 38 37 35 34 33 25 21 20 19 17 16 15 3 2 1
>  5746 253 249 248 238 237 236 231 230 229 228 224 223 222 220 219 71 70 68 67 66 55 54 53 51 50 49 38 37 35 34 33 25 21 20 19 17 16 15 3 2 1
>  5749 253 249 248 238 237 236 231 230 229 228 224 223 222 220 219 71 70 68 67 66 55 54 53 51 50 49 38 37 35 34 33 25 21 20 19 17 16 15 3 2 1
>  6201 253 249 248 238 237 236 231 230 229 228 224 223 222 220 219 71 70 68 67 66 55 54 53 51 50 49 38 37 35 34 33 25 21 20 19 17 16 15 3 2 1
>  685 253 249 248 238 237 236 231 230 229 228 224 223 222 220 219 71 70 68 67 66 55 54 53 51 50 49 38 37 35 34 33 25 21 20 19 17 16 15 3 2 1
>  1003 253 249 248 238 237 236 231 230 229 228 224 223 222 220 219 71 70 68 67 66 55 54 53 51 50 49 38 37 35 34 33 25 21 20 19 17 16 15 3 2 1
>  1405 253 249 248 238 237 236 231 230 229 228 224 223 222 220 219 71 70 68 67 66 55 54 53 51 50 49 38 37 35 34 33 25 21 20 19 17 16 15 3 2 1
>  3657 253 249 248 238 237 236 231 230 229 228 224 223 222 220 219 71 70 68 67 66 55 54 53 51 50 49 38 37 35 34 33 25 21 20 19 17 16 15 3 2 1
>  4331 253 249 248 238 237 236 231 230 229 228 224 223 222 220 219 71 70 68 67 66 55 54 53 51 50 49 38 37 35 34 33 25 21 20 19 17 16 15 3 2 1
>  5746 253 249 248 238 237 236 231 230 229 228 224 223 222 220 219 71 70 68 67 66 55 54 53 51 50 49 38 37 35 34 33 25 21 20 19 17 16 15 3 2 1
>  5749 253 249 248 238 237 236 231 230 229 228 224 223 222 220 219 71 70 68 67 66 55 54 53 51 50 49 38 37 35 34 33 25 21 20 19 17 16 15 3 2 1
>  6201 253 249 248 238 237 236 231 230 229 228 224 223 222 220 219 71 70 68 67 66 55 54 53 51 50 49 38 37 35 34 33 25 21 20 19 17 16 15 3 2 1
>  685 253 249 248 238 237 236 231 230 229 228 224 223 222 220 219 71 70 68 67 66 55 54 53 51 50 49 38 37 35 34 33 25 21 20 19 17 16 15 3 2 1
>  1003 253 249 248 238 237 236 231 230 229 228 224 223 222 220 219 71 70 68 67 66 55 54 53 51 50 49 38 37 35 34 33 25 21 20 19 17 16 15 3 2 1
>  1405 253 249 248 238 237 236 231 230 229 228 224 223 222 220 219 71 70 68 67 66 55 54 53 51 50 49 38 37 35 34 33 25 21 20 19 17 16 15 3 2 1
>  3657 253 249 248 238 237 236 231 230 229 228 224 223 222 220 219 71 70 68 67 66 55 54 53 51 50 49 38 37 35 34 33 25 21 20 19 17 16 15 3 2 1
>  4331 253 249 248 238 237 236 231 230 229 228 224 223 222 220 219 71 70 68 67 66 55 54 53 51 50 49 38 37 35 34 33 25 21 20 19 17 16 15 3 2 1
>  5746 253 249 248 238 237 236 231 230 229 228 224 223 222 220 219 71 70 68 67 66 55 54 53 51 50 49 38 37 35 34 33 25 21 20 19 17 16 15 3 2 1
>  5749 253 249 248 238 237 236 231 230 229 228 224 223 222 220 219 71 70 68 67 66 55 54 53 51 50 49 38 37 35 34 33 25 21 20 19 17 16 15 3 2 1
>  6201 253 249 248 238 237 236 231 230 229 228 224 223 222 220 219 71 70 68 67 66 55 54 53 51 50 49 38 37 35 34 33 25 21 20 19 17 16 15 3 2 1
>  461 253 249 248 244 243 242 215 214 213 212 206 205 204 203 200 71 70 69 65 64 55 54 53 52 48 47 38 37 36 32 31 25 21 20 19 18 14 13 3 2 1
>  2150 253 249 248 244 243 242 215 214 213 212 206 205 204 203 200 71 70 69 65 64 55 54 53 52 48 47 38 37 36 32 31 25 21 20 19 18 14 13 3 2 1
>  3875 253 249 248 244 243 242 215 214 213 212 206 205 204 203 200 71 70 69 65 64 55 54 53 52 48 47 38 37 36 32 31 25 21 20 19 18 14 13 3 2 1
>  4013 253 249 248 244 243 242 215 214 213 212 206 205 204 203 200 71 70 69 65 64 55 54 53 52 48 47 38 37 36 32 31 25 21 20 19 18 14 13 3 2 1
>  4261 253 249 248 244 243 242 215 214 213 212 206 205 204 203 200 71 70 69 65 64 55 54 53 52 48 47 38 37 36 32 31 25 21 20 19 18 14 13 3 2 1
>  4270 253 249 248 244 243 242 215 214 213 212 206 205 204 203 200 71 70 69 65 64 55 54 53 52 48 47 38 37 36 32 31 25 21 20 19 18 14 13 3 2 1
>  5503 253 249 248 244 243 242 215 214 213 212 206 205 204 203 200 71 70 69 65 64 55 54 53 52 48 47 38 37 36 32 31 25 21 20 19 18 14 13 3 2 1
>  685 253 249 248 238 237 236 231 230 229 228 224 223 222 220 219 71 70 68 67 66 55 54 53 51 50 49 38 37 35 34 33 25 21 20 19 17 16 15 3 2 1
>  1003 253 249 248 238 237 236 231 230 229 228 224 223 222 220 219 71 70 68 67 66 55 54 53 51 50 49 38 37 35 34 33 25 21 20 19 17 16 15 3 2 1
>  1405 253 249 248 238 237 236 231 230 229 228 224 223 222 220 219 71 70 68 67 66 55 54 53 51 50 49 38 37 35 34 33 25 21 20 19 17 16 15 3 2 1
>  3657 253 249 248 238 237 236 231 230 229 228 224 223 222 220 219 71 70 68 67 66 55 54 53 51 50 49 38 37 35 34 33 25 21 20 19 17 16 15 3 2 1
>  4331 253 249 248 238 237 236 231 230 229 228 224 223 222 220 219 71 70 68 67 66 55 54 53 51 50 49 38 37 35 34 33 25 21 20 19 17 16 15 3 2 1
>  5746 253 249 248 238 237 236 231 230 229 228 224 223 222 220 219 71 70 68 67 66 55 54 53 51 50 49 38 37 35 34 33 25 21 20 19 17 16 15 3 2 1
>  5749 253 249 248 238 237 236 231 230 229 228 224 223 222 220 219 71 70 68 67 66 55 54 53 51 50 49 38 37 35 34 33 25 21 20 19 17 16 15 3 2 1
>  6201 253 249 248 238 237 236 231 230 229 228 224 223 222 220 219 71 70 68 67 66 55 54 53 51 50 49 38 37 35 34 33 25 21 20 19 17 16 15 3 2 1
>  461 253 249 248 244 243 242 215 214 213 212 206 205 204 203 200 71 70 69 65 64 55 54 53 52 48 47 38 37 36 32 31 25 21 20 19 18 14 13 3 2 1
>  2150 253 249 248 244 243 242 215 214 213 212 206 205 204 203 200 71 70 69 65 64 55 54 53 52 48 47 38 37 36 32 31 25 21 20 19 18 14 13 3 2 1
>  3875 253 249 248 244 243 242 215 214 213 212 206 205 204 203 200 71 70 69 65 64 55 54 53 52 48 47 38 37 36 32 31 25 21 20 19 18 14 13 3 2 1
>  4013 253 249 248 244 243 242 215 214 213 212 206 205 204 203 200 71 70 69 65 64 55 54 53 52 48 47 38 37 36 32 31 25 21 20 19 18 14 13 3 2 1
>  4261 253 249 248 244 243 242 215 214 213 212 206 205 204 203 200 71 70 69 65 64 55 54 53 52 48 47 38 37 36 32 31 25 21 20 19 18 14 13 3 2 1
>  4270 253 249 248 244 243 242 215 214 213 212 206 205 204 203 200 71 70 69 65 64 55 54 53 52 48 47 38 37 36 32 31 25 21 20 19 18 14 13 3 2 1
>  5503 253 249 248 244 243 242 215 214 213 212 206 205 204 203 200 71 70 69 65 64 55 54 53 52 48 47 38 37 36 32 31 25 21 20 19 18 14 13 3 2 1
>  461 253 249 248 244 243 242 215 214 213 212 206 205 204 203 200 71 70 69 65 64 55 54 53 52 48 47 38 37 36 32 31 25 21 20 19 18 14 13 3 2 1
>  2150 253 249 248 244 243 242 215 214 213 212 206 205 204 203 200 71 70 69 65 64 55 54 53 52 48 47 38 37 36 32 31 25 21 20 19 18 14 13 3 2 1
>  3875 253 249 248 244 243 242 215 214 213 212 206 205 204 203 200 71 70 69 65 64 55 54 53 52 48 47 38 37 36 32 31 25 21 20 19 18 14 13 3 2 1
>  4013 253 249 248 244 243 242 215 214 213 212 206 205 204 203 200 71 70 69 65 64 55 54 53 52 48 47 38 37 36 32 31 25 21 20 19 18 14 13 3 2 1
>  4261 253 249 248 244 243 242 215 214 213 212 206 205 204 203 200 71 70 69 65 64 55 54 53 52 48 47 38 37 36 32 31 25 21 20 19 18 14 13 3 2 1
>  4270 253 249 248 244 243 242 215 214 213 212 206 205 204 203 200 71 70 69 65 64 55 54 53 52 48 47 38 37 36 32 31 25 21 20 19 18 14 13 3 2 1
>  5503 253 249 248 244 243 242 215 214 213 212 206 205 204 203 200 71 70 69 65 64 55 54 53 52 48 47 38 37 36 32 31 25 21 20 19 18 14 13 3 2 1
>  461 253 249 248 244 243 242 215 214 213 212 206 205 204 203 200 71 70 69 65 64 55 54 53 52 48 47 38 37 36 32 31 25 21 20 19 18 14 13 3 2 1
>  2150 253 249 248 244 243 242 215 214 213 212 206 205 204 203 200 71 70 69 65 64 55 54 53 52 48 47 38 37 36 32 31 25 21 20 19 18 14 13 3 2 1
>  3875 253 249 248 244 243 242 215 214 213 212 206 205 204 203 200 71 70 69 65 64 55 54 53 52 48 47 38 37 36 32 31 25 21 20 19 18 14 13 3 2 1
>  4013 253 249 248 244 243 242 215 214 213 212 206 205 204 203 200 71 70 69 65 64 55 54 53 52 48 47 38 37 36 32 31 25 21 20 19 18 14 13 3 2 1
>  4261 253 249 248 244 243 242 215 214 213 212 206 205 204 203 200 71 70 69 65 64 55 54 53 52 48 47 38 37 36 32 31 25 21 20 19 18 14 13 3 2 1
>  4270 253 249 248 244 243 242 215 214 213 212 206 205 204 203 200 71 70 69 65 64 55 54 53 52 48 47 38 37 36 32 31 25 21 20 19 18 14 13 3 2 1
>  5503 253 249 248 244 243 242 215 214 213 212 206 205 204 203 200 71 70 69 65 64 55 54 53 52 48 47 38 37 36 32 31 25 21 20 19 18 14 13 3 2 1
>  461 253 249 248 244 243 242 215 214 213 212 206 205 204 203 200 71 70 69 65 64 55 54 53 52 48 47 38 37 36 32 31 25 21 20 19 18 14 13 3 2 1
>  2150 253 249 248 244 243 242 215 214 213 212 206 205 204 203 200 71 70 69 65 64 55 54 53 52 48 47 38 37 36 32 31 25 21 20 19 18 14 13 3 2 1
>  3875 253 249 248 244 243 242 215 214 213 212 206 205 204 203 200 71 70 69 65 64 55 54 53 52 48 47 38 37 36 32 31 25 21 20 19 18 14 13 3 2 1
>  4013 253 249 248 244 243 242 215 214 213 212 206 205 204 203 200 71 70 69 65 64 55 54 53 52 48 47 38 37 36 32 31 25 21 20 19 18 14 13 3 2 1
>  4261 253 249 248 244 243 242 215 214 213 212 206 205 204 203 200 71 70 69 65 64 55 54 53 52 48 47 38 37 36 32 31 25 21 20 19 18 14 13 3 2 1
>  4270 253 249 248 244 243 242 215 214 213 212 206 205 204 203 200 71 70 69 65 64 55 54 53 52 48 47 38 37 36 32 31 25 21 20 19 18 14 13 3 2 1
>  5503 253 249 248 244 243 242 215 214 213 212 206 205 204 203 200 71 70 69 65 64 55 54 53 52 48 47 38 37 36 32 31 25 21 20 19 18 14 13 3 2 1
>  685 253 249 248 238 237 236 231 230 229 228 224 223 222 220 219 71 70 68 67 66 55 54 53 51 50 49 38 37 35 34 33 25 21 20 19 17 16 15 3 2 1
>  1003 253 249 248 238 237 236 231 230 229 228 224 223 222 220 219 71 70 68 67 66 55 54 53 51 50 49 38 37 35 34 33 25 21 20 19 17 16 15 3 2 1
>  1405 253 249 248 238 237 236 231 230 229 228 224 223 222 220 219 71 70 68 67 66 55 54 53 51 50 49 38 37 35 34 33 25 21 20 19 17 16 15 3 2 1
>  3657 253 249 248 238 237 236 231 230 229 228 224 223 222 220 219 71 70 68 67 66 55 54 53 51 50 49 38 37 35 34 33 25 21 20 19 17 16 15 3 2 1
>  4331 253 249 248 238 237 236 231 230 229 228 224 223 222 220 219 71 70 68 67 66 55 54 53 51 50 49 38 37 35 34 33 25 21 20 19 17 16 15 3 2 1
>  5746 253 249 248 238 237 236 231 230 229 228 224 223 222 220 219 71 70 68 67 66 55 54 53 51 50 49 38 37 35 34 33 25 21 20 19 17 16 15 3 2 1
>  5749 253 249 248 238 237 236 231 230 229 228 224 223 222 220 219 71 70 68 67 66 55 54 53 51 50 49 38 37 35 34 33 25 21 20 19 17 16 15 3 2 1
>  6201 253 249 248 238 237 236 231 230 229 228 224 223 222 220 219 71 70 68 67 66 55 54 53 51 50 49 38 37 35 34 33 25 21 20 19 17 16 15 3 2 1
>  61 259 256 253 252 249 248 241 238 237 236 234 231 230 229 228 227 224 223 222 220 219 74 71 70 68 67 66 58 55 54 53 51 50 49 41 38 37 35 34 33 25 24 21 20 19 17 16 15 3 2 1
>  5498 259 256 253 252 249 248 241 238 237 236 234 231 230 229 228 227 224 223 222 220 219 74 71 70 68 67 66 58 55 54 53 51 50 49 41 38 37 35 34 33 25 24 21 20 19 17 16 15 3 2 1
>  461 253 249 248 244 243 242 215 214 213 212 206 205 204 203 200 71 70 69 65 64 55 54 53 52 48 47 38 37 36 32 31 25 21 20 19 18 14 13 3 2 1
>  2150 253 249 248 244 243 242 215 214 213 212 206 205 204 203 200 71 70 69 65 64 55 54 53 52 48 47 38 37 36 32 31 25 21 20 19 18 14 13 3 2 1
>  3875 253 249 248 244 243 242 215 214 213 212 206 205 204 203 200 71 70 69 65 64 55 54 53 52 48 47 38 37 36 32 31 25 21 20 19 18 14 13 3 2 1
>  4013 253 249 248 244 243 242 215 214 213 212 206 205 204 203 200 71 70 69 65 64 55 54 53 52 48 47 38 37 36 32 31 25 21 20 19 18 14 13 3 2 1
>  4261 253 249 248 244 243 242 215 214 213 212 206 205 204 203 200 71 70 69 65 64 55 54 53 52 48 47 38 37 36 32 31 25 21 20 19 18 14 13 3 2 1
>  4270 253 249 248 244 243 242 215 214 213 212 206 205 204 203 200 71 70 69 65 64 55 54 53 52 48 47 38 37 36 32 31 25 21 20 19 18 14 13 3 2 1
>  5503 253 249 248 244 243 242 215 214 213 212 206 205 204 203 200 71 70 69 65 64 55 54 53 52 48 47 38 37 36 32 31 25 21 20 19 18 14 13 3 2 1
>  685 253 249 248 238 237 236 231 230 229 228 224 223 222 220 219 71 70 68 67 66 55 54 53 51 50 49 38 37 35 34 33 25 21 20 19 17 16 15 3 2 1
>  1003 253 249 248 238 237 236 231 230 229 228 224 223 222 220 219 71 70 68 67 66 55 54 53 51 50 49 38 37 35 34 33 25 21 20 19 17 16 15 3 2 1
>  1405 253 249 248 238 237 236 231 230 229 228 224 223 222 220 219 71 70 68 67 66 55 54 53 51 50 49 38 37 35 34 33 25 21 20 19 17 16 15 3 2 1
>  3657 253 249 248 238 237 236 231 230 229 228 224 223 222 220 219 71 70 68 67 66 55 54 53 51 50 49 38 37 35 34 33 25 21 20 19 17 16 15 3 2 1
>  4331 253 249 248 238 237 236 231 230 229 228 224 223 222 220 219 71 70 68 67 66 55 54 53 51 50 49 38 37 35 34 33 25 21 20 19 17 16 15 3 2 1
>  5746 253 249 248 238 237 236 231 230 229 228 224 223 222 220 219 71 70 68 67 66 55 54 53 51 50 49 38 37 35 34 33 25 21 20 19 17 16 15 3 2 1
>  5749 253 249 248 238 237 236 231 230 229 228 224 223 222 220 219 71 70 68 67 66 55 54 53 51 50 49 38 37 35 34 33 25 21 20 19 17 16 15 3 2 1
>  6201 253 249 248 238 237 236 231 230 229 228 224 223 222 220 219 71 70 68 67 66 55 54 53 51 50 49 38 37 35 34 33 25 21 20 19 17 16 15 3 2 1
>  685 253 249 248 238 237 236 231 230 229 228 224 223 222 220 219 71 70 68 67 66 55 54 53 51 50 49 38 37 35 34 33 25 21 20 19 17 16 15 3 2 1
>  1003 253 249 248 238 237 236 231 230 229 228 224 223 222 220 219 71 70 68 67 66 55 54 53 51 50 49 38 37 35 34 33 25 21 20 19 17 16 15 3 2 1
>  1405 253 249 248 238 237 236 231 230 229 228 224 223 222 220 219 71 70 68 67 66 55 54 53 51 50 49 38 37 35 34 33 25 21 20 19 17 16 15 3 2 1
>  3657 253 249 248 238 237 236 231 230 229 228 224 223 222 220 219 71 70 68 67 66 55 54 53 51 50 49 38 37 35 34 33 25 21 20 19 17 16 15 3 2 1
>  4331 253 249 248 238 237 236 231 230 229 228 224 223 222 220 219 71 70 68 67 66 55 54 53 51 50 49 38 37 35 34 33 25 21 20 19 17 16 15 3 2 1
>  5746 253 249 248 238 237 236 231 230 229 228 224 223 222 220 219 71 70 68 67 66 55 54 53 51 50 49 38 37 35 34 33 25 21 20 19 17 16 15 3 2 1
>  5749 253 249 248 238 237 236 231 230 229 228 224 223 222 220 219 71 70 68 67 66 55 54 53 51 50 49 38 37 35 34 33 25 21 20 19 17 16 15 3 2 1
>  6201 253 249 248 238 237 236 231 230 229 228 224 223 222 220 219 71 70 68 67 66 55 54 53 51 50 49 38 37 35 34 33 25 21 20 19 17 16 15 3 2 1
>  685 253 249 248 238 237 236 231 230 229 228 224 223 222 220 219 71 70 68 67 66 55 54 53 51 50 49 38 37 35 34 33 25 21 20 19 17 16 15 3 2 1
>  1003 253 249 248 238 237 236 231 230 229 228 224 223 222 220 219 71 70 68 67 66 55 54 53 51 50 49 38 37 35 34 33 25 21 20 19 17 16 15 3 2 1
>  1405 253 249 248 238 237 236 231 230 229 228 224 223 222 220 219 71 70 68 67 66 55 54 53 51 50 49 38 37 35 34 33 25 21 20 19 17 16 15 3 2 1
>  3657 253 249 248 238 237 236 231 230 229 228 224 223 222 220 219 71 70 68 67 66 55 54 53 51 50 49 38 37 35 34 33 25 21 20 19 17 16 15 3 2 1
>  4331 253 249 248 238 237 236 231 230 229 228 224 223 222 220 219 71 70 68 67 66 55 54 53 51 50 49 38 37 35 34 33 25 21 20 19 17 16 15 3 2 1
>  5746 253 249 248 238 237 236 231 230 229 228 224 223 222 220 219 71 70 68 67 66 55 54 53 51 50 49 38 37 35 34 33 25 21 20 19 17 16 15 3 2 1
>  5749 253 249 248 238 237 236 231 230 229 228 224 223 222 220 219 71 70 68 67 66 55 54 53 51 50 49 38 37 35 34 33 25 21 20 19 17 16 15 3 2 1
>  6201 253 249 248 238 237 236 231 230 229 228 224 223 222 220 219 71 70 68 67 66 55 54 53 51 50 49 38 37 35 34 33 25 21 20 19 17 16 15 3 2 1
>  6225 259 256 253 252 249 248 247 244 243 242 218 215 214 213 212 209 206 205 204 203 200 74 71 70 69 65 64 58 55 54 53 52 48 47 41 38 37 36 32 31 25 24 21 20 19 18 14 13 3 2 1
>  748 262 261 260 259 258 257 187 186 185 184 174 173 172 171 162 161 160 159 158 148 147 115 114 113 107 106 105 102 101 100 99 93 92 91 88 87 86 80 79 78 75 24 23 22 21 11 10 9 6 5 4
>  4227 262 261 260 259 258 257 187 186 185 184 174 173 172 171 162 161 160 159 158 148 147 115 114 113 107 106 105 102 101 100 99 93 92 91 88 87 86 80 79 78 75 24 23 22 21 11 10 9 6 5 4
>  1030 262 261 260 259 258 257 199 198 197 196 146 145 144 143 134 131 130 129 128 119 116 115 114 113 108 104 103 102 101 100 99 94 90 89 88 87 86 81 77 76 75 24 23 22 21 12 8 7 6 5 4
>  1727 262 261 260 259 258 257 199 198 197 196 146 145 144 143 134 131 130 129 128 119 116 115 114 113 108 104 103 102 101 100 99 94 90 89 88 87 86 81 77 76 75 24 23 22 21 12 8 7 6 5 4
>  1938 262 261 260 259 258 257 199 198 197 196 146 145 144 143 134 131 130 129 128 119 116 115 114 113 108 104 103 102 101 100 99 94 90 89 88 87 86 81 77 76 75 24 23 22 21 12 8 7 6 5 4
>  2974 262 261 260 259 258 257 199 198 197 196 146 145 144 143 134 131 130 129 128 119 116 115 114 113 108 104 103 102 101 100 99 94 90 89 88 87 86 81 77 76 75 24 23 22 21 12 8 7 6 5 4
>  3521 262 261 260 259 258 257 199 198 197 196 146 145 144 143 134 131 130 129 128 119 116 115 114 113 108 104 103 102 101 100 99 94 90 89 88 87 86 81 77 76 75 24 23 22 21 12 8 7 6 5 4
>  4668 262 261 260 259 258 257 199 198 197 196 146 145 144 143 134 131 130 129 128 119 116 115 114 113 108 104 103 102 101 100 99 94 90 89 88 87 86 81 77 76 75 24 23 22 21 12 8 7 6 5 4
>  5240 262 261 260 259 258 257 199 198 197 196 146 145 144 143 134 131 130 129 128 119 116 115 114 113 108 104 103 102 101 100 99 94 90 89 88 87 86 81 77 76 75 24 23 22 21 12 8 7 6 5 4
>  5264 262 261 260 259 258 257 199 198 197 196 146 145 144 143 134 131 130 129 128 119 116 115 114 113 108 104 103 102 101 100 99 94 90 89 88 87 86 81 77 76 75 24 23 22 21 12 8 7 6 5 4
>  1030 262 261 260 259 258 257 199 198 197 196 146 145 144 143 134 131 130 129 128 119 116 115 114 113 108 104 103 102 101 100 99 94 90 89 88 87 86 81 77 76 75 24 23 22 21 12 8 7 6 5 4
>  1727 262 261 260 259 258 257 199 198 197 196 146 145 144 143 134 131 130 129 128 119 116 115 114 113 108 104 103 102 101 100 99 94 90 89 88 87 86 81 77 76 75 24 23 22 21 12 8 7 6 5 4
>  1938 262 261 260 259 258 257 199 198 197 196 146 145 144 143 134 131 130 129 128 119 116 115 114 113 108 104 103 102 101 100 99 94 90 89 88 87 86 81 77 76 75 24 23 22 21 12 8 7 6 5 4
>  2974 262 261 260 259 258 257 199 198 197 196 146 145 144 143 134 131 130 129 128 119 116 115 114 113 108 104 103 102 101 100 99 94 90 89 88 87 86 81 77 76 75 24 23 22 21 12 8 7 6 5 4
>  3521 262 261 260 259 258 257 199 198 197 196 146 145 144 143 134 131 130 129 128 119 116 115 114 113 108 104 103 102 101 100 99 94 90 89 88 87 86 81 77 76 75 24 23 22 21 12 8 7 6 5 4
>  4668 262 261 260 259 258 257 199 198 197 196 146 145 144 143 134 131 130 129 128 119 116 115 114 113 108 104 103 102 101 100 99 94 90 89 88 87 86 81 77 76 75 24 23 22 21 12 8 7 6 5 4
>  5240 262 261 260 259 258 257 199 198 197 196 146 145 144 143 134 131 130 129 128 119 116 115 114 113 108 104 103 102 101 100 99 94 90 89 88 87 86 81 77 76 75 24 23 22 21 12 8 7 6 5 4
>  5264 262 261 260 259 258 257 199 198 197 196 146 145 144 143 134 131 130 129 128 119 116 115 114 113 108 104 103 102 101 100 99 94 90 89 88 87 86 81 77 76 75 24 23 22 21 12 8 7 6 5 4
>  1030 262 261 260 259 258 257 199 198 197 196 146 145 144 143 134 131 130 129 128 119 116 115 114 113 108 104 103 102 101 100 99 94 90 89 88 87 86 81 77 76 75 24 23 22 21 12 8 7 6 5 4
>  1727 262 261 260 259 258 257 199 198 197 196 146 145 144 143 134 131 130 129 128 119 116 115 114 113 108 104 103 102 101 100 99 94 90 89 88 87 86 81 77 76 75 24 23 22 21 12 8 7 6 5 4
>  1938 262 261 260 259 258 257 199 198 197 196 146 145 144 143 134 131 130 129 128 119 116 115 114 113 108 104 103 102 101 100 99 94 90 89 88 87 86 81 77 76 75 24 23 22 21 12 8 7 6 5 4
>  2974 262 261 260 259 258 257 199 198 197 196 146 145 144 143 134 131 130 129 128 119 116 115 114 113 108 104 103 102 101 100 99 94 90 89 88 87 86 81 77 76 75 24 23 22 21 12 8 7 6 5 4
>  3521 262 261 260 259 258 257 199 198 197 196 146 145 144 143 134 131 130 129 128 119 116 115 114 113 108 104 103 102 101 100 99 94 90 89 88 87 86 81 77 76 75 24 23 22 21 12 8 7 6 5 4
>  4668 262 261 260 259 258 257 199 198 197 196 146 145 144 143 134 131 130 129 128 119 116 115 114 113 108 104 103 102 101 100 99 94 90 89 88 87 86 81 77 76 75 24 23 22 21 12 8 7 6 5 4
>  5240 262 261 260 259 258 257 199 198 197 196 146 145 144 143 134 131 130 129 128 119 116 115 114 113 108 104 103 102 101 100 99 94 90 89 88 87 86 81 77 76 75 24 23 22 21 12 8 7 6 5 4
>  5264 262 261 260 259 258 257 199 198 197 196 146 145 144 143 134 131 130 129 128 119 116 115 114 113 108 104 103 102 101 100 99 94 90 89 88 87 86 81 77 76 75 24 23 22 21 12 8 7 6 5 4
>  1030 262 261 260 259 258 257 199 198 197 196 146 145 144 143 134 131 130 129 128 119 116 115 114 113 108 104 103 102 101 100 99 94 90 89 88 87 86 81 77 76 75 24 23 22 21 12 8 7 6 5 4
>  1727 262 261 260 259 258 257 199 198 197 196 146 145 144 143 134 131 130 129 128 119 116 115 114 113 108 104 103 102 101 100 99 94 90 89 88 87 86 81 77 76 75 24 23 22 21 12 8 7 6 5 4
>  1938 262 261 260 259 258 257 199 198 197 196 146 145 144 143 134 131 130 129 128 119 116 115 114 113 108 104 103 102 101 100 99 94 90 89 88 87 86 81 77 76 75 24 23 22 21 12 8 7 6 5 4
>  2974 262 261 260 259 258 257 199 198 197 196 146 145 144 143 134 131 130 129 128 119 116 115 114 113 108 104 103 102 101 100 99 94 90 89 88 87 86 81 77 76 75 24 23 22 21 12 8 7 6 5 4
>  3521 262 261 260 259 258 257 199 198 197 196 146 145 144 143 134 131 130 129 128 119 116 115 114 113 108 104 103 102 101 100 99 94 90 89 88 87 86 81 77 76 75 24 23 22 21 12 8 7 6 5 4
>  4668 262 261 260 259 258 257 199 198 197 196 146 145 144 143 134 131 130 129 128 119 116 115 114 113 108 104 103 102 101 100 99 94 90 89 88 87 86 81 77 76 75 24 23 22 21 12 8 7 6 5 4
>  5240 262 261 260 259 258 257 199 198 197 196 146 145 144 143 134 131 130 129 128 119 116 115 114 113 108 104 103 102 101 100 99 94 90 89 88 87 86 81 77 76 75 24 23 22 21 12 8 7 6 5 4
>  5264 262 261 260 259 258 257 199 198 197 196 146 145 144 143 134 131 130 129 128 119 116 115 114 113 108 104 103 102 101 100 99 94 90 89 88 87 86 81 77 76 75 24 23 22 21 12 8 7 6 5 4
>  1030 262 261 260 259 258 257 199 198 197 196 146 145 144 143 134 131 130 129 128 119 116 115 114 113 108 104 103 102 101 100 99 94 90 89 88 87 86 81 77 76 75 24 23 22 21 12 8 7 6 5 4
>  1727 262 261 260 259 258 257 199 198 197 196 146 145 144 143 134 131 130 129 128 119 116 115 114 113 108 104 103 102 101 100 99 94 90 89 88 87 86 81 77 76 75 24 23 22 21 12 8 7 6 5 4
>  1938 262 261 260 259 258 257 199 198 197 196 146 145 144 143 134 131 130 129 128 119 116 115 114 113 108 104 103 102 101 100 99 94 90 89 88 87 86 81 77 76 75 24 23 22 21 12 8 7 6 5 4
>  2974 262 261 260 259 258 257 199 198 197 196 146 145 144 143 134 131 130 129 128 119 116 115 114 113 108 104 103 102 101 100 99 94 90 89 88 87 86 81 77 76 75 24 23 22 21 12 8 7 6 5 4
>  3521 262 261 260 259 258 257 199 198 197 196 146 145 144 143 134 131 130 129 128 119 116 115 114 113 108 104 103 102 101 100 99 94 90 89 88 87 86 81 77 76 75 24 23 22 21 12 8 7 6 5 4
>  4668 262 261 260 259 258 257 199 198 197 196 146 145 144 143 134 131 130 129 128 119 116 115 114 113 108 104 103 102 101 100 99 94 90 89 88 87 86 81 77 76 75 24 23 22 21 12 8 7 6 5 4
>  5240 262 261 260 259 258 257 199 198 197 196 146 145 144 143 134 131 130 129 128 119 116 115 114 113 108 104 103 102 101 100 99 94 90 89 88 87 86 81 77 76 75 24 23 22 21 12 8 7 6 5 4
>  5264 262 261 260 259 258 257 199 198 197 196 146 145 144 143 134 131 130 129 128 119 116 115 114 113 108 104 103 102 101 100 99 94 90 89 88 87 86 81 77 76 75 24 23 22 21 12 8 7 6 5 4
>  748 262 261 260 259 258 257 187 186 185 184 174 173 172 171 162 161 160 159 158 148 147 115 114 113 107 106 105 102 101 100 99 93 92 91 88 87 86 80 79 78 75 24 23 22 21 11 10 9 6 5 4
>  4227 262 261 260 259 258 257 187 186 185 184 174 173 172 171 162 161 160 159 158 148 147 115 114 113 107 106 105 102 101 100 99 93 92 91 88 87 86 80 79 78 75 24 23 22 21 11 10 9 6 5 4
>  4488 262 261 260 187 186 185 174 173 172 162 161 160 159 148 147 115 114 107 106 105 102 101 100 93 92 91 88 87 80 79 78 75 24 23 22 11 10 9 6 5 4
>  5456 262 261 260 187 186 185 174 173 172 162 161 160 159 148 147 115 114 107 106 105 102 101 100 93 92 91 88 87 80 79 78 75 24 23 22 11 10 9 6 5 4
>  1030 262 261 260 259 258 257 199 198 197 196 146 145 144 143 134 131 130 129 128 119 116 115 114 113 108 104 103 102 101 100 99 94 90 89 88 87 86 81 77 76 75 24 23 22 21 12 8 7 6 5 4
>  1727 262 261 260 259 258 257 199 198 197 196 146 145 144 143 134 131 130 129 128 119 116 115 114 113 108 104 103 102 101 100 99 94 90 89 88 87 86 81 77 76 75 24 23 22 21 12 8 7 6 5 4
>  1938 262 261 260 259 258 257 199 198 197 196 146 145 144 143 134 131 130 129 128 119 116 115 114 113 108 104 103 102 101 100 99 94 90 89 88 87 86 81 77 76 75 24 23 22 21 12 8 7 6 5 4
>  2974 262 261 260 259 258 257 199 198 197 196 146 145 144 143 134 131 130 129 128 119 116 115 114 113 108 104 103 102 101 100 99 94 90 89 88 87 86 81 77 76 75 24 23 22 21 12 8 7 6 5 4
>  3521 262 261 260 259 258 257 199 198 197 196 146 145 144 143 134 131 130 129 128 119 116 115 114 113 108 104 103 102 101 100 99 94 90 89 88 87 86 81 77 76 75 24 23 22 21 12 8 7 6 5 4
>  4668 262 261 260 259 258 257 199 198 197 196 146 145 144 143 134 131 130 129 128 119 116 115 114 113 108 104 103 102 101 100 99 94 90 89 88 87 86 81 77 76 75 24 23 22 21 12 8 7 6 5 4
>  5240 262 261 260 259 258 257 199 198 197 196 146 145 144 143 134 131 130 129 128 119 116 115 114 113 108 104 103 102 101 100 99 94 90 89 88 87 86 81 77 76 75 24 23 22 21 12 8 7 6 5 4
>  5264 262 261 260 259 258 257 199 198 197 196 146 145 144 143 134 131 130 129 128 119 116 115 114 113 108 104 103 102 101 100 99 94 90 89 88 87 86 81 77 76 75 24 23 22 21 12 8 7 6 5 4
>  1030 262 261 260 259 258 257 199 198 197 196 146 145 144 143 134 131 130 129 128 119 116 115 114 113 108 104 103 102 101 100 99 94 90 89 88 87 86 81 77 76 75 24 23 22 21 12 8 7 6 5 4
>  1727 262 261 260 259 258 257 199 198 197 196 146 145 144 143 134 131 130 129 128 119 116 115 114 113 108 104 103 102 101 100 99 94 90 89 88 87 86 81 77 76 75 24 23 22 21 12 8 7 6 5 4
>  1938 262 261 260 259 258 257 199 198 197 196 146 145 144 143 134 131 130 129 128 119 116 115 114 113 108 104 103 102 101 100 99 94 90 89 88 87 86 81 77 76 75 24 23 22 21 12 8 7 6 5 4
>  2974 262 261 260 259 258 257 199 198 197 196 146 145 144 143 134 131 130 129 128 119 116 115 114 113 108 104 103 102 101 100 99 94 90 89 88 87 86 81 77 76 75 24 23 22 21 12 8 7 6 5 4
>  3521 262 261 260 259 258 257 199 198 197 196 146 145 144 143 134 131 130 129 128 119 116 115 114 113 108 104 103 102 101 100 99 94 90 89 88 87 86 81 77 76 75 24 23 22 21 12 8 7 6 5 4
>  4668 262 261 260 259 258 257 199 198 197 196 146 145 144 143 134 131 130 129 128 119 116 115 114 113 108 104 103 102 101 100 99 94 90 89 88 87 86 81 77 76 75 24 23 22 21 12 8 7 6 5 4
>  5240 262 261 260 259 258 257 199 198 197 196 146 145 144 143 134 131 130 129 128 119 116 115 114 113 108 104 103 102 101 100 99 94 90 89 88 87 86 81 77 76 75 24 23 22 21 12 8 7 6 5 4
>  5264 262 261 260 259 258 257 199 198 197 196 146 145 144 143 134 131 130 129 128 119 116 115 114 113 108 104 103 102 101 100 99 94 90 89 88 87 86 81 77 76 75 24 23 22 21 12 8 7 6 5 4
>  1030 262 261 260 259 258 257 199 198 197 196 146 145 144 143 134 131 130 129 128 119 116 115 114 113 108 104 103 102 101 100 99 94 90 89 88 87 86 81 77 76 75 24 23 22 21 12 8 7 6 5 4
>  1727 262 261 260 259 258 257 199 198 197 196 146 145 144 143 134 131 130 129 128 119 116 115 114 113 108 104 103 102 101 100 99 94 90 89 88 87 86 81 77 76 75 24 23 22 21 12 8 7 6 5 4
>  1938 262 261 260 259 258 257 199 198 197 196 146 145 144 143 134 131 130 129 128 119 116 115 114 113 108 104 103 102 101 100 99 94 90 89 88 87 86 81 77 76 75 24 23 22 21 12 8 7 6 5 4
>  2974 262 261 260 259 258 257 199 198 197 196 146 145 144 143 134 131 130 129 128 119 116 115 114 113 108 104 103 102 101 100 99 94 90 89 88 87 86 81 77 76 75 24 23 22 21 12 8 7 6 5 4
>  3521 262 261 260 259 258 257 199 198 197 196 146 145 144 143 134 131 130 129 128 119 116 115 114 113 108 104 103 102 101 100 99 94 90 89 88 87 86 81 77 76 75 24 23 22 21 12 8 7 6 5 4
>  4668 262 261 260 259 258 257 199 198 197 196 146 145 144 143 134 131 130 129 128 119 116 115 114 113 108 104 103 102 101 100 99 94 90 89 88 87 86 81 77 76 75 24 23 22 21 12 8 7 6 5 4
>  5240 262 261 260 259 258 257 199 198 197 196 146 145 144 143 134 131 130 129 128 119 116 115 114 113 108 104 103 102 101 100 99 94 90 89 88 87 86 81 77 76 75 24 23 22 21 12 8 7 6 5 4
>  5264 262 261 260 259 258 257 199 198 197 196 146 145 144 143 134 131 130 129 128 119 116 115 114 113 108 104 103 102 101 100 99 94 90 89 88 87 86 81 77 76 75 24 23 22 21 12 8 7 6 5 4
>  4488 262 261 260 187 186 185 174 173 172 162 161 160 159 148 147 115 114 107 106 105 102 101 100 93 92 91 88 87 80 79 78 75 24 23 22 11 10 9 6 5 4
>  5456 262 261 260 187 186 185 174 173 172 162 161 160 159 148 147 115 114 107 106 105 102 101 100 93 92 91 88 87 80 79 78 75 24 23 22 11 10 9 6 5 4
>  6129 262 261 260 199 198 197 146 145 144 134 131 130 129 119 116 115 114 108 104 103 102 101 100 94 90 89 88 87 81 77 76 75 24 23 22 12 8 7 6 5 4
>  6540 262 261 260 199 198 197 146 145 144 134 131 130 129 119 116 115 114 108 104 103 102 101 100 94 90 89 88 87 81 77 76 75 24 23 22 12 8 7 6 5 4
>  6129 262 261 260 199 198 197 146 145 144 134 131 130 129 119 116 115 114 108 104 103 102 101 100 94 90 89 88 87 81 77 76 75 24 23 22 12 8 7 6 5 4
>  6540 262 261 260 199 198 197 146 145 144 134 131 130 129 119 116 115 114 108 104 103 102 101 100 94 90 89 88 87 81 77 76 75 24 23 22 12 8 7 6 5 4
